<?xml version="1.0" encoding="UTF-8"?>
<!-- Generated by org.testng.reporters.JUnitReportReporter -->
<testsuite hostname="DESKTOP-IKD2D8I" failures="0" tests="1" name="com.CRONOS.OpportunitiesModule.CreateCampaignTest" time="9.031" errors="0" timestamp="2024-06-01T15:34:13 IST" skipped="0">
  <testcase classname="com.CRONOS.OpportunitiesModule.CreateCampaignTest" name="createCampaign" time="9.031"/>
  <system-out/>
</testsuite> <!-- com.CRONOS.OpportunitiesModule.CreateCampaignTest -->
