<?xml version="1.0" encoding="UTF-8"?>
<!-- Generated by org.testng.reporters.JUnitReportReporter -->
<testsuite hostname="DESKTOP-JOQNLEJ" failures="0" tests="1" name="com.cronos.campaignmodule.CreatingCampaignAndDeletingCampaignTest" time="8.242" errors="0" timestamp="01 Jun 2024 10:27:55 GMT" skipped="0">
  <testcase classname="com.cronos.campaignmodule.CreatingCampaignAndDeletingCampaignTest" name="CreatingCampaignAndDeletingCampaignTest" time="8.242"/>
</testsuite> <!-- com.cronos.campaignmodule.CreatingCampaignAndDeletingCampaignTest -->
