<?xml version="1.0" encoding="UTF-8"?>
<!-- Generated by org.testng.reporters.JUnitReportReporter -->
<testsuite hostname="DESKTOP-JOQNLEJ" failures="0" tests="1" name="com.cronos.campaignmodule.CreatingCampaignWithEventsTest" time="8.174" errors="0" timestamp="01 Jun 2024 10:25:22 GMT" skipped="0">
  <testcase classname="com.cronos.campaignmodule.CreatingCampaignWithEventsTest" name="CreatingCampaignWithEventsTest" time="8.174"/>
</testsuite> <!-- com.cronos.campaignmodule.CreatingCampaignWithEventsTest -->
