<?xml version="1.0" encoding="UTF-8"?>
<!-- Generated by org.testng.reporters.JUnitReportReporter -->
<testsuite hostname="DESKTOP-IKD2D8I" failures="0" tests="1" name="com.CRONOS.OpportunitiesModule.CampaignSearchDeleteTest" time="9.783" errors="0" timestamp="2024-06-01T15:24:46 IST" skipped="0">
  <testcase classname="com.CRONOS.OpportunitiesModule.CampaignSearchDeleteTest" name="CampaignSearchDelete" time="9.783"/>
  <system-out/>
</testsuite> <!-- com.CRONOS.OpportunitiesModule.CampaignSearchDeleteTest -->
