<?xml version="1.0" encoding="UTF-8"?>
<!-- Generated by org.testng.reporters.JUnitReportReporter -->
<testsuite hostname="DESKTOP-IKD2D8I" failures="0" tests="1" name="com.CRONOS.OpportunitiesModule.CreateOppertunityWithORGandGroupTest" time="5.407" errors="0" timestamp="2024-06-01T15:49:03 IST" skipped="0">
  <testcase classname="com.CRONOS.OpportunitiesModule.CreateOppertunityWithORGandGroupTest" name="CreateOppertunityWithORGandGroup" time="5.407"/>
  <system-out/>
</testsuite> <!-- com.CRONOS.OpportunitiesModule.CreateOppertunityWithORGandGroupTest -->
